[0.545s] Invoking command in '/home/santiago/bwsi_uav_santiago_ros/ros2_ws/build/my_robot_controller': PYTHONPATH=/home/santiago/bwsi_uav_santiago_ros/ros2_ws/build/my_robot_controller/prefix_override:/home/santiago/.local/lib/python3.10/site-packages/colcon_core/task/python/colcon_distutils_commands:/home/santiago/bwsi_uav_santiago_ros/ros2_ws/install/my_robot_controller/lib/python3.10/site-packages:${PYTHONPATH} /usr/bin/python3 -W ignore:setup.py install is deprecated setup.py develop --uninstall --editable --build-directory /home/santiago/bwsi_uav_santiago_ros/ros2_ws/build/my_robot_controller/build
[0.763s] running develop
[0.928s] Removing /home/santiago/bwsi_uav_santiago_ros/ros2_ws/install/my_robot_controller/lib/python3.10/site-packages/my-robot-controller.egg-link (link to .)
[0.961s] Invoked command in '/home/santiago/bwsi_uav_santiago_ros/ros2_ws/build/my_robot_controller' returned '0': PYTHONPATH=/home/santiago/bwsi_uav_santiago_ros/ros2_ws/build/my_robot_controller/prefix_override:/home/santiago/.local/lib/python3.10/site-packages/colcon_core/task/python/colcon_distutils_commands:/home/santiago/bwsi_uav_santiago_ros/ros2_ws/install/my_robot_controller/lib/python3.10/site-packages:${PYTHONPATH} /usr/bin/python3 -W ignore:setup.py install is deprecated setup.py develop --uninstall --editable --build-directory /home/santiago/bwsi_uav_santiago_ros/ros2_ws/build/my_robot_controller/build
[0.962s] Invoking command in '/home/santiago/bwsi_uav_santiago_ros/ros2_ws/src/my_robot_controller': PYTHONPATH=/home/santiago/bwsi_uav_santiago_ros/ros2_ws/build/my_robot_controller/prefix_override:/home/santiago/.local/lib/python3.10/site-packages/colcon_core/task/python/colcon_distutils_commands:/home/santiago/bwsi_uav_santiago_ros/ros2_ws/install/my_robot_controller/lib/python3.10/site-packages:${PYTHONPATH} /usr/bin/python3 -W ignore:setup.py install is deprecated setup.py egg_info --egg-base ../../build/my_robot_controller build --build-base /home/santiago/bwsi_uav_santiago_ros/ros2_ws/build/my_robot_controller/build install --record /home/santiago/bwsi_uav_santiago_ros/ros2_ws/build/my_robot_controller/install.log --single-version-externally-managed install_data --force
[1.164s] running egg_info
[1.164s] writing ../../build/my_robot_controller/my_robot_controller.egg-info/PKG-INFO
[1.164s] writing dependency_links to ../../build/my_robot_controller/my_robot_controller.egg-info/dependency_links.txt
[1.165s] writing entry points to ../../build/my_robot_controller/my_robot_controller.egg-info/entry_points.txt
[1.165s] writing requirements to ../../build/my_robot_controller/my_robot_controller.egg-info/requires.txt
[1.165s] writing top-level names to ../../build/my_robot_controller/my_robot_controller.egg-info/top_level.txt
[1.166s] reading manifest file '../../build/my_robot_controller/my_robot_controller.egg-info/SOURCES.txt'
[1.166s] writing manifest file '../../build/my_robot_controller/my_robot_controller.egg-info/SOURCES.txt'
[1.167s] running build
[1.167s] running build_py
[1.167s] copying my_robot_controller/draw_circle.py -> /home/santiago/bwsi_uav_santiago_ros/ros2_ws/build/my_robot_controller/build/lib/my_robot_controller
[1.167s] copying my_robot_controller/my_first_node.py -> /home/santiago/bwsi_uav_santiago_ros/ros2_ws/build/my_robot_controller/build/lib/my_robot_controller
[1.167s] running install
[1.167s] running install_lib
[1.168s] creating /home/santiago/bwsi_uav_santiago_ros/ros2_ws/install/my_robot_controller/lib/python3.10/site-packages/my_robot_controller
[1.168s] copying /home/santiago/bwsi_uav_santiago_ros/ros2_ws/build/my_robot_controller/build/lib/my_robot_controller/draw_circle.py -> /home/santiago/bwsi_uav_santiago_ros/ros2_ws/install/my_robot_controller/lib/python3.10/site-packages/my_robot_controller
[1.168s] copying /home/santiago/bwsi_uav_santiago_ros/ros2_ws/build/my_robot_controller/build/lib/my_robot_controller/__init__.py -> /home/santiago/bwsi_uav_santiago_ros/ros2_ws/install/my_robot_controller/lib/python3.10/site-packages/my_robot_controller
[1.168s] copying /home/santiago/bwsi_uav_santiago_ros/ros2_ws/build/my_robot_controller/build/lib/my_robot_controller/my_first_node.py -> /home/santiago/bwsi_uav_santiago_ros/ros2_ws/install/my_robot_controller/lib/python3.10/site-packages/my_robot_controller
[1.168s] byte-compiling /home/santiago/bwsi_uav_santiago_ros/ros2_ws/install/my_robot_controller/lib/python3.10/site-packages/my_robot_controller/draw_circle.py to draw_circle.cpython-310.pyc
[1.169s] byte-compiling /home/santiago/bwsi_uav_santiago_ros/ros2_ws/install/my_robot_controller/lib/python3.10/site-packages/my_robot_controller/__init__.py to __init__.cpython-310.pyc
[1.169s] byte-compiling /home/santiago/bwsi_uav_santiago_ros/ros2_ws/install/my_robot_controller/lib/python3.10/site-packages/my_robot_controller/my_first_node.py to my_first_node.cpython-310.pyc
[1.169s] running install_data
[1.169s] copying resource/my_robot_controller -> /home/santiago/bwsi_uav_santiago_ros/ros2_ws/install/my_robot_controller/share/ament_index/resource_index/packages
[1.169s] copying package.xml -> /home/santiago/bwsi_uav_santiago_ros/ros2_ws/install/my_robot_controller/share/my_robot_controller
[1.169s] running install_egg_info
[1.170s] Copying ../../build/my_robot_controller/my_robot_controller.egg-info to /home/santiago/bwsi_uav_santiago_ros/ros2_ws/install/my_robot_controller/lib/python3.10/site-packages/my_robot_controller-0.0.0-py3.10.egg-info
[1.171s] running install_scripts
[1.186s] Installing draw_circle script to /home/santiago/bwsi_uav_santiago_ros/ros2_ws/install/my_robot_controller/lib/my_robot_controller
[1.186s] Installing first_node script to /home/santiago/bwsi_uav_santiago_ros/ros2_ws/install/my_robot_controller/lib/my_robot_controller
[1.186s] writing list of installed files to '/home/santiago/bwsi_uav_santiago_ros/ros2_ws/build/my_robot_controller/install.log'
[1.208s] Invoked command in '/home/santiago/bwsi_uav_santiago_ros/ros2_ws/src/my_robot_controller' returned '0': PYTHONPATH=/home/santiago/bwsi_uav_santiago_ros/ros2_ws/build/my_robot_controller/prefix_override:/home/santiago/.local/lib/python3.10/site-packages/colcon_core/task/python/colcon_distutils_commands:/home/santiago/bwsi_uav_santiago_ros/ros2_ws/install/my_robot_controller/lib/python3.10/site-packages:${PYTHONPATH} /usr/bin/python3 -W ignore:setup.py install is deprecated setup.py egg_info --egg-base ../../build/my_robot_controller build --build-base /home/santiago/bwsi_uav_santiago_ros/ros2_ws/build/my_robot_controller/build install --record /home/santiago/bwsi_uav_santiago_ros/ros2_ws/build/my_robot_controller/install.log --single-version-externally-managed install_data --force
