[0.582s] Invoking command in '/home/santiago/bwsi_uav_santiago_ros/ros2_ws/src/my_robot_controller': PYTHONPATH=/home/santiago/bwsi_uav_santiago_ros/ros2_ws/build/my_robot_controller/prefix_override:/home/santiago/.local/lib/python3.10/site-packages/colcon_core/task/python/colcon_distutils_commands:/home/santiago/bwsi_uav_santiago_ros/ros2_ws/install/my_robot_controller/lib/python3.10/site-packages:${PYTHONPATH} /usr/bin/python3 -W ignore:setup.py install is deprecated setup.py egg_info --egg-base ../../build/my_robot_controller build --build-base /home/santiago/bwsi_uav_santiago_ros/ros2_ws/build/my_robot_controller/build install --record /home/santiago/bwsi_uav_santiago_ros/ros2_ws/build/my_robot_controller/install.log --single-version-externally-managed install_data
[0.810s] running egg_info
[0.810s] writing ../../build/my_robot_controller/my_robot_controller.egg-info/PKG-INFO
[0.811s] writing dependency_links to ../../build/my_robot_controller/my_robot_controller.egg-info/dependency_links.txt
[0.811s] writing entry points to ../../build/my_robot_controller/my_robot_controller.egg-info/entry_points.txt
[0.811s] writing requirements to ../../build/my_robot_controller/my_robot_controller.egg-info/requires.txt
[0.811s] writing top-level names to ../../build/my_robot_controller/my_robot_controller.egg-info/top_level.txt
[0.812s] reading manifest file '../../build/my_robot_controller/my_robot_controller.egg-info/SOURCES.txt'
[0.813s] writing manifest file '../../build/my_robot_controller/my_robot_controller.egg-info/SOURCES.txt'
[0.813s] running build
[0.813s] running build_py
[0.814s] copying my_robot_controller/my_first_node.py -> /home/santiago/bwsi_uav_santiago_ros/ros2_ws/build/my_robot_controller/build/lib/my_robot_controller
[0.814s] running install
[0.814s] running install_lib
[0.815s] copying /home/santiago/bwsi_uav_santiago_ros/ros2_ws/build/my_robot_controller/build/lib/my_robot_controller/my_first_node.py -> /home/santiago/bwsi_uav_santiago_ros/ros2_ws/install/my_robot_controller/lib/python3.10/site-packages/my_robot_controller
[0.815s] byte-compiling /home/santiago/bwsi_uav_santiago_ros/ros2_ws/install/my_robot_controller/lib/python3.10/site-packages/my_robot_controller/my_first_node.py to my_first_node.cpython-310.pyc
[0.816s] running install_data
[0.816s] running install_egg_info
[0.817s] removing '/home/santiago/bwsi_uav_santiago_ros/ros2_ws/install/my_robot_controller/lib/python3.10/site-packages/my_robot_controller-0.0.0-py3.10.egg-info' (and everything under it)
[0.818s] Copying ../../build/my_robot_controller/my_robot_controller.egg-info to /home/santiago/bwsi_uav_santiago_ros/ros2_ws/install/my_robot_controller/lib/python3.10/site-packages/my_robot_controller-0.0.0-py3.10.egg-info
[0.818s] running install_scripts
[0.838s] Installing first_node script to /home/santiago/bwsi_uav_santiago_ros/ros2_ws/install/my_robot_controller/lib/my_robot_controller
[0.838s] writing list of installed files to '/home/santiago/bwsi_uav_santiago_ros/ros2_ws/build/my_robot_controller/install.log'
[0.897s] Invoked command in '/home/santiago/bwsi_uav_santiago_ros/ros2_ws/src/my_robot_controller' returned '0': PYTHONPATH=/home/santiago/bwsi_uav_santiago_ros/ros2_ws/build/my_robot_controller/prefix_override:/home/santiago/.local/lib/python3.10/site-packages/colcon_core/task/python/colcon_distutils_commands:/home/santiago/bwsi_uav_santiago_ros/ros2_ws/install/my_robot_controller/lib/python3.10/site-packages:${PYTHONPATH} /usr/bin/python3 -W ignore:setup.py install is deprecated setup.py egg_info --egg-base ../../build/my_robot_controller build --build-base /home/santiago/bwsi_uav_santiago_ros/ros2_ws/build/my_robot_controller/build install --record /home/santiago/bwsi_uav_santiago_ros/ros2_ws/build/my_robot_controller/install.log --single-version-externally-managed install_data
