[0.535s] Invoking command in '/home/santiago/bwsi_uav_santiago_ros/ros2_ws/src/my_robot_controller': PYTHONPATH=/home/santiago/bwsi_uav_santiago_ros/ros2_ws/build/my_robot_controller/prefix_override:/home/santiago/.local/lib/python3.10/site-packages/colcon_core/task/python/colcon_distutils_commands:/home/santiago/bwsi_uav_santiago_ros/ros2_ws/install/my_robot_controller/lib/python3.10/site-packages:${PYTHONPATH} /usr/bin/python3 -W ignore:setup.py install is deprecated setup.py egg_info --egg-base ../../build/my_robot_controller build --build-base /home/santiago/bwsi_uav_santiago_ros/ros2_ws/build/my_robot_controller/build install --record /home/santiago/bwsi_uav_santiago_ros/ros2_ws/build/my_robot_controller/install.log --single-version-externally-managed install_data
[0.734s] running egg_info
[0.734s] creating ../../build/my_robot_controller/my_robot_controller.egg-info
[0.734s] writing ../../build/my_robot_controller/my_robot_controller.egg-info/PKG-INFO
[0.735s] writing dependency_links to ../../build/my_robot_controller/my_robot_controller.egg-info/dependency_links.txt
[0.735s] writing entry points to ../../build/my_robot_controller/my_robot_controller.egg-info/entry_points.txt
[0.735s] writing requirements to ../../build/my_robot_controller/my_robot_controller.egg-info/requires.txt
[0.735s] writing top-level names to ../../build/my_robot_controller/my_robot_controller.egg-info/top_level.txt
[0.735s] writing manifest file '../../build/my_robot_controller/my_robot_controller.egg-info/SOURCES.txt'
[0.736s] reading manifest file '../../build/my_robot_controller/my_robot_controller.egg-info/SOURCES.txt'
[0.736s] writing manifest file '../../build/my_robot_controller/my_robot_controller.egg-info/SOURCES.txt'
[0.737s] running build
[0.737s] running build_py
[0.737s] creating /home/santiago/bwsi_uav_santiago_ros/ros2_ws/build/my_robot_controller/build
[0.737s] creating /home/santiago/bwsi_uav_santiago_ros/ros2_ws/build/my_robot_controller/build/lib
[0.737s] creating /home/santiago/bwsi_uav_santiago_ros/ros2_ws/build/my_robot_controller/build/lib/my_robot_controller
[0.737s] copying my_robot_controller/__init__.py -> /home/santiago/bwsi_uav_santiago_ros/ros2_ws/build/my_robot_controller/build/lib/my_robot_controller
[0.737s] copying my_robot_controller/my_first_node.py -> /home/santiago/bwsi_uav_santiago_ros/ros2_ws/build/my_robot_controller/build/lib/my_robot_controller
[0.737s] running install
[0.737s] running install_lib
[0.738s] creating /home/santiago/bwsi_uav_santiago_ros/ros2_ws/install/my_robot_controller/lib/python3.10/site-packages/my_robot_controller
[0.738s] copying /home/santiago/bwsi_uav_santiago_ros/ros2_ws/build/my_robot_controller/build/lib/my_robot_controller/__init__.py -> /home/santiago/bwsi_uav_santiago_ros/ros2_ws/install/my_robot_controller/lib/python3.10/site-packages/my_robot_controller
[0.738s] copying /home/santiago/bwsi_uav_santiago_ros/ros2_ws/build/my_robot_controller/build/lib/my_robot_controller/my_first_node.py -> /home/santiago/bwsi_uav_santiago_ros/ros2_ws/install/my_robot_controller/lib/python3.10/site-packages/my_robot_controller
[0.738s] byte-compiling /home/santiago/bwsi_uav_santiago_ros/ros2_ws/install/my_robot_controller/lib/python3.10/site-packages/my_robot_controller/__init__.py to __init__.cpython-310.pyc
[0.739s] byte-compiling /home/santiago/bwsi_uav_santiago_ros/ros2_ws/install/my_robot_controller/lib/python3.10/site-packages/my_robot_controller/my_first_node.py to my_first_node.cpython-310.pyc
[0.739s] running install_data
[0.739s] creating /home/santiago/bwsi_uav_santiago_ros/ros2_ws/install/my_robot_controller/share/ament_index
[0.739s] creating /home/santiago/bwsi_uav_santiago_ros/ros2_ws/install/my_robot_controller/share/ament_index/resource_index
[0.739s] creating /home/santiago/bwsi_uav_santiago_ros/ros2_ws/install/my_robot_controller/share/ament_index/resource_index/packages
[0.739s] copying resource/my_robot_controller -> /home/santiago/bwsi_uav_santiago_ros/ros2_ws/install/my_robot_controller/share/ament_index/resource_index/packages
[0.739s] copying package.xml -> /home/santiago/bwsi_uav_santiago_ros/ros2_ws/install/my_robot_controller/share/my_robot_controller
[0.739s] running install_egg_info
[0.740s] Copying ../../build/my_robot_controller/my_robot_controller.egg-info to /home/santiago/bwsi_uav_santiago_ros/ros2_ws/install/my_robot_controller/lib/python3.10/site-packages/my_robot_controller-0.0.0-py3.10.egg-info
[0.741s] running install_scripts
[0.757s] Installing first_node script to /home/santiago/bwsi_uav_santiago_ros/ros2_ws/install/my_robot_controller/lib/my_robot_controller
[0.758s] writing list of installed files to '/home/santiago/bwsi_uav_santiago_ros/ros2_ws/build/my_robot_controller/install.log'
[0.788s] Invoked command in '/home/santiago/bwsi_uav_santiago_ros/ros2_ws/src/my_robot_controller' returned '0': PYTHONPATH=/home/santiago/bwsi_uav_santiago_ros/ros2_ws/build/my_robot_controller/prefix_override:/home/santiago/.local/lib/python3.10/site-packages/colcon_core/task/python/colcon_distutils_commands:/home/santiago/bwsi_uav_santiago_ros/ros2_ws/install/my_robot_controller/lib/python3.10/site-packages:${PYTHONPATH} /usr/bin/python3 -W ignore:setup.py install is deprecated setup.py egg_info --egg-base ../../build/my_robot_controller build --build-base /home/santiago/bwsi_uav_santiago_ros/ros2_ws/build/my_robot_controller/build install --record /home/santiago/bwsi_uav_santiago_ros/ros2_ws/build/my_robot_controller/install.log --single-version-externally-managed install_data
