[0.583s] Invoking command in '/home/santiago/bwsi_uav_santiago_ros/ros2_ws/build/my_robot_controller': PYTHONPATH=/home/santiago/bwsi_uav_santiago_ros/ros2_ws/build/my_robot_controller/prefix_override:/home/santiago/.local/lib/python3.10/site-packages/colcon_core/task/python/colcon_distutils_commands:/home/santiago/bwsi_uav_santiago_ros/ros2_ws/install/my_robot_controller/lib/python3.10/site-packages:${PYTHONPATH} /usr/bin/python3 -W ignore:setup.py install is deprecated setup.py develop --uninstall --editable --build-directory /home/santiago/bwsi_uav_santiago_ros/ros2_ws/build/my_robot_controller/build
[0.800s] running develop
[0.974s] Removing /home/santiago/bwsi_uav_santiago_ros/ros2_ws/install/my_robot_controller/lib/python3.10/site-packages/my-robot-controller.egg-link (link to .)
[1.018s] Invoked command in '/home/santiago/bwsi_uav_santiago_ros/ros2_ws/build/my_robot_controller' returned '0': PYTHONPATH=/home/santiago/bwsi_uav_santiago_ros/ros2_ws/build/my_robot_controller/prefix_override:/home/santiago/.local/lib/python3.10/site-packages/colcon_core/task/python/colcon_distutils_commands:/home/santiago/bwsi_uav_santiago_ros/ros2_ws/install/my_robot_controller/lib/python3.10/site-packages:${PYTHONPATH} /usr/bin/python3 -W ignore:setup.py install is deprecated setup.py develop --uninstall --editable --build-directory /home/santiago/bwsi_uav_santiago_ros/ros2_ws/build/my_robot_controller/build
[1.020s] Invoking command in '/home/santiago/bwsi_uav_santiago_ros/ros2_ws/src/my_robot_controller': PYTHONPATH=/home/santiago/bwsi_uav_santiago_ros/ros2_ws/build/my_robot_controller/prefix_override:/home/santiago/.local/lib/python3.10/site-packages/colcon_core/task/python/colcon_distutils_commands:/home/santiago/bwsi_uav_santiago_ros/ros2_ws/install/my_robot_controller/lib/python3.10/site-packages:${PYTHONPATH} /usr/bin/python3 -W ignore:setup.py install is deprecated setup.py egg_info --egg-base ../../build/my_robot_controller build --build-base /home/santiago/bwsi_uav_santiago_ros/ros2_ws/build/my_robot_controller/build install --record /home/santiago/bwsi_uav_santiago_ros/ros2_ws/build/my_robot_controller/install.log --single-version-externally-managed install_data --force
[1.223s] running egg_info
[1.224s] writing ../../build/my_robot_controller/my_robot_controller.egg-info/PKG-INFO
[1.224s] writing dependency_links to ../../build/my_robot_controller/my_robot_controller.egg-info/dependency_links.txt
[1.224s] writing entry points to ../../build/my_robot_controller/my_robot_controller.egg-info/entry_points.txt
[1.224s] writing requirements to ../../build/my_robot_controller/my_robot_controller.egg-info/requires.txt
[1.224s] writing top-level names to ../../build/my_robot_controller/my_robot_controller.egg-info/top_level.txt
[1.225s] reading manifest file '../../build/my_robot_controller/my_robot_controller.egg-info/SOURCES.txt'
[1.226s] writing manifest file '../../build/my_robot_controller/my_robot_controller.egg-info/SOURCES.txt'
[1.226s] running build
[1.226s] running build_py
[1.226s] copying my_robot_controller/pose_subscriber.py -> /home/santiago/bwsi_uav_santiago_ros/ros2_ws/build/my_robot_controller/build/lib/my_robot_controller
[1.226s] copying my_robot_controller/draw_circle.py -> /home/santiago/bwsi_uav_santiago_ros/ros2_ws/build/my_robot_controller/build/lib/my_robot_controller
[1.226s] running install
[1.227s] running install_lib
[1.227s] creating /home/santiago/bwsi_uav_santiago_ros/ros2_ws/install/my_robot_controller/lib/python3.10/site-packages/my_robot_controller
[1.227s] copying /home/santiago/bwsi_uav_santiago_ros/ros2_ws/build/my_robot_controller/build/lib/my_robot_controller/pose_subscriber.py -> /home/santiago/bwsi_uav_santiago_ros/ros2_ws/install/my_robot_controller/lib/python3.10/site-packages/my_robot_controller
[1.227s] copying /home/santiago/bwsi_uav_santiago_ros/ros2_ws/build/my_robot_controller/build/lib/my_robot_controller/draw_circle.py -> /home/santiago/bwsi_uav_santiago_ros/ros2_ws/install/my_robot_controller/lib/python3.10/site-packages/my_robot_controller
[1.227s] copying /home/santiago/bwsi_uav_santiago_ros/ros2_ws/build/my_robot_controller/build/lib/my_robot_controller/__init__.py -> /home/santiago/bwsi_uav_santiago_ros/ros2_ws/install/my_robot_controller/lib/python3.10/site-packages/my_robot_controller
[1.227s] copying /home/santiago/bwsi_uav_santiago_ros/ros2_ws/build/my_robot_controller/build/lib/my_robot_controller/my_first_node.py -> /home/santiago/bwsi_uav_santiago_ros/ros2_ws/install/my_robot_controller/lib/python3.10/site-packages/my_robot_controller
[1.228s] byte-compiling /home/santiago/bwsi_uav_santiago_ros/ros2_ws/install/my_robot_controller/lib/python3.10/site-packages/my_robot_controller/pose_subscriber.py to pose_subscriber.cpython-310.pyc
[1.228s] byte-compiling /home/santiago/bwsi_uav_santiago_ros/ros2_ws/install/my_robot_controller/lib/python3.10/site-packages/my_robot_controller/draw_circle.py to draw_circle.cpython-310.pyc
[1.228s] byte-compiling /home/santiago/bwsi_uav_santiago_ros/ros2_ws/install/my_robot_controller/lib/python3.10/site-packages/my_robot_controller/__init__.py to __init__.cpython-310.pyc
[1.229s] byte-compiling /home/santiago/bwsi_uav_santiago_ros/ros2_ws/install/my_robot_controller/lib/python3.10/site-packages/my_robot_controller/my_first_node.py to my_first_node.cpython-310.pyc
[1.229s] running install_data
[1.229s] copying resource/my_robot_controller -> /home/santiago/bwsi_uav_santiago_ros/ros2_ws/install/my_robot_controller/share/ament_index/resource_index/packages
[1.229s] copying package.xml -> /home/santiago/bwsi_uav_santiago_ros/ros2_ws/install/my_robot_controller/share/my_robot_controller
[1.229s] running install_egg_info
[1.231s] Copying ../../build/my_robot_controller/my_robot_controller.egg-info to /home/santiago/bwsi_uav_santiago_ros/ros2_ws/install/my_robot_controller/lib/python3.10/site-packages/my_robot_controller-0.0.0-py3.10.egg-info
[1.232s] running install_scripts
[1.250s] Installing draw_circle script to /home/santiago/bwsi_uav_santiago_ros/ros2_ws/install/my_robot_controller/lib/my_robot_controller
[1.251s] Installing first_node script to /home/santiago/bwsi_uav_santiago_ros/ros2_ws/install/my_robot_controller/lib/my_robot_controller
[1.251s] writing list of installed files to '/home/santiago/bwsi_uav_santiago_ros/ros2_ws/build/my_robot_controller/install.log'
[1.296s] Invoked command in '/home/santiago/bwsi_uav_santiago_ros/ros2_ws/src/my_robot_controller' returned '0': PYTHONPATH=/home/santiago/bwsi_uav_santiago_ros/ros2_ws/build/my_robot_controller/prefix_override:/home/santiago/.local/lib/python3.10/site-packages/colcon_core/task/python/colcon_distutils_commands:/home/santiago/bwsi_uav_santiago_ros/ros2_ws/install/my_robot_controller/lib/python3.10/site-packages:${PYTHONPATH} /usr/bin/python3 -W ignore:setup.py install is deprecated setup.py egg_info --egg-base ../../build/my_robot_controller build --build-base /home/santiago/bwsi_uav_santiago_ros/ros2_ws/build/my_robot_controller/build install --record /home/santiago/bwsi_uav_santiago_ros/ros2_ws/build/my_robot_controller/install.log --single-version-externally-managed install_data --force
